Arguments: 
  E:\Node\node.exe E:\Node\node_modules\yarn\bin\yarn.js add typescript

PATH: 
  C:\Program Files\WindowsApps\Microsoft.PowerShell_7.3.4.0_x64__8wekyb3d8bbwe;C:\Program Files (x86)\Common Files\Intel\Shared Libraries\redist\intel64\compiler;C:\WINDOWS\system32;C:\WINDOWS;C:\WINDOWS\System32\Wbem;C:\WINDOWS\System32\WindowsPowerShell\v1.0\;C:\WINDOWS\System32\OpenSSH\;E:\Git\cmd;C:\Program Files (x86)\NVIDIA Corporation\PhysX\Common;C:\Program Files\NVIDIA Corporation\NVIDIA NvDLISR;E:\Anaconda\pkgs\python-3.6.5-h0c2934d_0;E:\Anaconda\Scripts\;E:\IntelliJ IDEA Community Edition 2020.1.1\plugins\maven\lib\maven3\bin;C:\Program Files\MongoDB\Server\4.2\bin;E:\heroku\bin;E:\apache-maven-3.6.3\bin;E:\sonarqube-8.7.0.41497\bin\windows-x86-64;E:\sonar-scanner-4.6.0.2311-windows\bin;E:\Minikube;C:\ProgramData\chocolatey\bin;C:\Program Files\Docker\Docker\resources\bin;C:\ProgramData\DockerDesktop\version-bin;E:\Go\bin;C:\WINDOWS\system32;C:\WINDOWS;C:\WINDOWS\System32\Wbem;C:\WINDOWS\System32\WindowsPowerShell\v1.0\;C:\WINDOWS\System32\OpenSSH\;C:\Program Files\MongoDB\Server\4.2\bin\mongd;E:\nvm;E:\Node;C:\Users\Nitesh\AppData\Local\pnpm;C:\Users\Nitesh\scoop\apps\gcc\current\bin;C:\Users\Nitesh\scoop\shims;C:\Users\Nitesh\.windows-build-tools\python27\;E:\IntelliJ IDEA Community Edition 2020.1.1\bin;E:\heroku\bin;C:\Users\Nitesh\AppData\Local\Microsoft\WindowsApps;E:\java\bin;E:\GnuWin32\bin;E:\Minikube;E:\Node;E:\Python;E:\Python\Scripts;E:\Microsoft VS Code\bin;C:\Users\Nitesh\go\bin;E:\Planetscale;E:\ngrok-stable-windows-amd64;C:\Users\Nitesh\AppData\Local\Microsoft\WindowsApps;E:\nvm;E:\Node

Yarn version: 
  1.22.19

Node version: 
  16.20.0

Platform: 
  win32 x64

Trace: 
  Error: ENOENT: no such file or directory, open 'C:\Users\Nitesh\AppData\Local\Yarn\Cache\v6\npm-@next-swc-win32-x64-msvc-13.1.1-c209a37da13be27b722f9c40c40ab4b094866244-integrity\node_modules\@next\swc-win32-x64-msvc\.yarn-metadata.json'

npm manifest: 
  {
  	"name": "niteshseram.in",
  	"version": "0.1.0",
  	"private": false,
  	"description": "My personal website built using Next.js, ChakraUI and MDX",
  	"license": "MIT",
  	"author": "Nitesh Seram <niteshseram@gmail.com>",
  	"scripts": {
  		"dev": "next dev",
  		"build": "next build",
  		"postbuild": "node ./scripts/generate-sitemap.mjs",
  		"start": "next start",
  		"prettier": "prettier --check .",
  		"lint": "next lint",
  		"format": "prettier --write .",
  		"prepare": "husky install",
  		"precommit": "lint-staged",
  		"analyze": "cross-env ANALYZE=true next build",
  		"postinstall": "prisma generate"
  	},
  	"lint-staged": {
  		"*.js": [
  			"eslint --fix"
  		],
  		"*.{html,js,md,mdx,yml}": [
  			"prettier --write"
  		]
  	},
  	"dependencies": {
  		"@prisma/client": "^3.6.0",
  		"@tailwindcss/typography": "^0.4.1",
  		"date-fns": "^2.23.0",
  		"mdx-bundler": "^6.0.1",
  		"next": "13.1.1",
  		"next-themes": "0.2.1",
  		"nodemailer": "^6.6.3",
  		"preact": "^10.5.14",
  		"react": "18.2.0",
  		"react-dom": "18.2.0",
  		"react-icons": "^4.2.0",
  		"swr": "2.0.0"
  	},
  	"devDependencies": {
  		"@babel/core": "^7.14.6",
  		"@next/bundle-analyzer": "^11.1.2",
  		"autoprefixer": "^10.3.4",
  		"cross-env": "^7.0.3",
  		"esbuild": "^0.12.20",
  		"eslint": "^8.39.0",
  		"eslint-config-next": "^13.3.1",
  		"eslint-config-prettier": "^8.3.0",
  		"globby": "^12.0.2",
  		"gray-matter": "^4.0.3",
  		"husky": "^7.0.0",
  		"lint-staged": "^11.1.2",
  		"postcss": "^8.3.6",
  		"prettier": "^2.2.1",
  		"prisma": "^3.6.0",
  		"reading-time": "^1.4.0",
  		"rehype": "^12.0.0",
  		"rehype-autolink-headings": "6.0.0",
  		"rehype-code-titles": "1.0.3",
  		"rehype-prism-plus": "^0.0.5",
  		"rehype-slug": "5.0.0",
  		"remark-gfm": "^2.0.0",
  		"tailwindcss": "^2.2.15"
  	},
  	"keywords": [
  		"next.js",
  		"react.js",
  		"mdx",
  		"portfolio",
  		"personal website",
  		"chakra"
  	]
  }

yarn manifest: 
  No manifest

Lockfile: 
  No lockfile
